Build started 11/4/2015 11:46:15 AM.
     1>Project "C:\Users\Rory.Vaughn\Desktop\1806\Math Library\Math Library\Math Library.vcxproj" on node 2 (Build target(s)).
     1>ClCompile:
         C:\Program Files (x86)\Microsoft Visual Studio 14.0\VC\bin\x86_amd64\CL.exe /c /ZI /nologo /W3 /WX- /sdl /Od /D _MBCS /Gm /EHsc /RTC1 /MDd /GS /fp:precise /Zc:wchar_t /Zc:forScope /Zc:inline /Fo"x64\Debug\\" /Fd"x64\Debug\vc140.pdb" /Gd /TP /errorReport:prompt Vector.cpp
         Vector.cpp
     1>c:\users\rory.vaughn\desktop\1806\math library\math library\vector.h(101): warning C4244: '=': conversion from 'double' to 'float', possible loss of data
         c:\users\rory.vaughn\desktop\1806\math library\math library\vector.h(92): note: while compiling class template member function 'Operation<int> Operation<int>::Norm(Operation<int> &)'
         c:\users\rory.vaughn\desktop\1806\math library\math library\vector.cpp(30): note: see reference to function template instantiation 'Operation<int> Operation<int>::Norm(Operation<int> &)' being compiled
         c:\users\rory.vaughn\desktop\1806\math library\math library\vector.cpp(11): note: see reference to class template instantiation 'Operation<int>' being compiled
     1>c:\users\rory.vaughn\desktop\1806\math library\math library\vector.h(103): warning C4244: '=': conversion from 'float' to 'int', possible loss of data
     1>c:\users\rory.vaughn\desktop\1806\math library\math library\vector.h(105): warning C4244: '=': conversion from 'float' to 'int', possible loss of data
     1>c:\users\rory.vaughn\desktop\1806\math library\math library\vector.h(85): warning C4244: '=': conversion from 'double' to 'float', possible loss of data
         c:\users\rory.vaughn\desktop\1806\math library\math library\vector.h(77): note: while compiling class template member function 'float Operation<int>::Mag(Operation<int> &)'
         c:\users\rory.vaughn\desktop\1806\math library\math library\vector.cpp(26): note: see reference to function template instantiation 'float Operation<int>::Mag(Operation<int> &)' being compiled
     1>c:\users\rory.vaughn\desktop\1806\math library\math library\vector.h(202): warning C4244: '=': conversion from 'double' to 'float', possible loss of data
         c:\users\rory.vaughn\desktop\1806\math library\math library\vector.h(195): note: while compiling class template member function 'float Vector<int>::Mag(Vector<int> &)'
         c:\users\rory.vaughn\desktop\1806\math library\math library\vector.cpp(50): note: see reference to function template instantiation 'float Vector<int>::Mag(Vector<int> &)' being compiled
         c:\users\rory.vaughn\desktop\1806\math library\math library\vector.cpp(35): note: see reference to class template instantiation 'Vector<int>' being compiled
     1>c:\users\rory.vaughn\desktop\1806\math library\math library\vector.h(219): warning C4244: '=': conversion from 'double' to 'float', possible loss of data
         c:\users\rory.vaughn\desktop\1806\math library\math library\vector.h(210): note: while compiling class template member function 'Vector<int> Vector<int>::Norm(Vector<int> &)'
         c:\users\rory.vaughn\desktop\1806\math library\math library\vector.cpp(56): note: see reference to function template instantiation 'Vector<int> Vector<int>::Norm(Vector<int> &)' being compiled
     1>c:\users\rory.vaughn\desktop\1806\math library\math library\vector.h(221): warning C4244: '=': conversion from 'float' to 'int', possible loss of data
     1>c:\users\rory.vaughn\desktop\1806\math library\math library\vector.h(222): warning C4244: '=': conversion from 'float' to 'int', possible loss of data
     1>c:\users\rory.vaughn\desktop\1806\math library\math library\vector.h(223): warning C4244: '=': conversion from 'float' to 'int', possible loss of data
     1>c:\users\rory.vaughn\desktop\1806\math library\math library\vector.h(169): error C2955: 'Vector': use of class template requires template argument list
         c:\users\rory.vaughn\desktop\1806\math library\math library\vector.h(126): note: see declaration of 'Vector'
         c:\users\rory.vaughn\desktop\1806\math library\math library\vector.cpp(41): note: see reference to function template instantiation 'Vector<int> operator +<int>(Vector<int> &,Vector<int> &)' being compiled
     1>c:\users\rory.vaughn\desktop\1806\math library\math library\vector.h(169): error C2133: 'o': unknown size
     1>c:\users\rory.vaughn\desktop\1806\math library\math library\vector.h(169): error C2512: 'Vector': no appropriate default constructor available
         c:\users\rory.vaughn\desktop\1806\math library\math library\vector.h(126): note: see declaration of 'Vector'
     1>c:\users\rory.vaughn\desktop\1806\math library\math library\vector.h(177): error C2440: 'return': cannot convert from 'Vector' to 'Vector<int>'
         c:\users\rory.vaughn\desktop\1806\math library\math library\vector.h(177): note: No constructor could take the source type, or constructor overload resolution was ambiguous
     1>c:\users\rory.vaughn\desktop\1806\math library\math library\vector.h(182): error C2133: 'o': unknown size
         c:\users\rory.vaughn\desktop\1806\math library\math library\vector.cpp(44): note: see reference to function template instantiation 'Vector<int> operator -<int>(Vector<int> &,Vector<int> &)' being compiled
     1>c:\users\rory.vaughn\desktop\1806\math library\math library\vector.h(182): error C2512: 'Vector': no appropriate default constructor available
         c:\users\rory.vaughn\desktop\1806\math library\math library\vector.h(126): note: see declaration of 'Vector'
     1>c:\users\rory.vaughn\desktop\1806\math library\math library\vector.h(190): error C2440: 'return': cannot convert from 'Vector' to 'Vector<int>'
         c:\users\rory.vaughn\desktop\1806\math library\math library\vector.h(190): note: No constructor could take the source type, or constructor overload resolution was ambiguous
     1>c:\users\rory.vaughn\desktop\1806\math library\math library\vector.h(230): error C2133: 'o': unknown size
         c:\users\rory.vaughn\desktop\1806\math library\math library\vector.cpp(47): note: see reference to function template instantiation 'Vector<int> operator *<int>(Vector<int> &,Vector<int> &)' being compiled
     1>c:\users\rory.vaughn\desktop\1806\math library\math library\vector.h(230): error C2512: 'Vector': no appropriate default constructor available
         c:\users\rory.vaughn\desktop\1806\math library\math library\vector.h(126): note: see declaration of 'Vector'
     1>c:\users\rory.vaughn\desktop\1806\math library\math library\vector.h(236): error C2440: 'return': cannot convert from 'Vector' to 'Vector<int>'
         c:\users\rory.vaughn\desktop\1806\math library\math library\vector.h(236): note: No constructor could take the source type, or constructor overload resolution was ambiguous
     1>Done Building Project "C:\Users\Rory.Vaughn\Desktop\1806\Math Library\Math Library\Math Library.vcxproj" (Build target(s)) -- FAILED.

Build FAILED.

Time Elapsed 00:00:00.46
